<?xml version="1.0" encoding="UTF-8" standalone="no"?>
<testsuite errors="0" failures="1" name="io.cucumber.core.plugin.JUnitFormatter" skipped="0" tests="1" time="15.357">
    <testcase classname="Validating the login page of application" name="Login the application with valid credentials" time="14.725">
        <failure message="Cannot locate an element using id=login&#10;For documentation on this error, please visit: https://www.seleniumhq.org/exceptions/no_such_element.html&#10;Build info: version: '3.141.59', revision: 'e82be7d358', time: '2018-11-14T08:17:03'&#10;System info: host: 'DESKTOP-JUM8V8V', ip: '192.168.221.118', os.name: 'Windows 10', os.arch: 'amd64', os.version: '10.0', java.version: '17'&#10;Driver info: driver.version: RemoteWebDriver" type="org.openqa.selenium.NoSuchElementException"><![CDATA[Given Launch the browser....................................................passed
And open the application....................................................passed
When enter the "divya" and "ababcd".........................................passed
And click the login button..................................................failed
Then validate the login "Wrong Credentials" message.........................skipped

StackTrace:
org.openqa.selenium.NoSuchElementException: Cannot locate an element using id=login
For documentation on this error, please visit: https://www.seleniumhq.org/exceptions/no_such_element.html
Build info: version: '3.141.59', revision: 'e82be7d358', time: '2018-11-14T08:17:03'
System info: host: 'DESKTOP-JUM8V8V', ip: '192.168.221.118', os.name: 'Windows 10', os.arch: 'amd64', os.version: '10.0', java.version: '17'
Driver info: driver.version: RemoteWebDriver
	at org.openqa.selenium.remote.RemoteWebDriver.findElement(RemoteWebDriver.java:327)
	at org.openqa.selenium.remote.RemoteWebDriver.findElementById(RemoteWebDriver.java:372)
	at org.openqa.selenium.By$ById.findElement(By.java:188)
	at org.openqa.selenium.remote.RemoteWebDriver.findElement(RemoteWebDriver.java:315)
	at org.openqa.selenium.support.pagefactory.DefaultElementLocator.findElement(DefaultElementLocator.java:69)
	at org.openqa.selenium.support.pagefactory.internal.LocatingElementHandler.invoke(LocatingElementHandler.java:38)
	at jdk.proxy2/jdk.proxy2.$Proxy17.click(Unknown Source)
	at Utils.Base.tap(Base.java:32)
	at StepDef.LoginPage.click_the_login_button(LoginPage.java:36)
	at âœ½.click the login button(file:///C:/Users/praveen/Desktop/class%20java/Cucumber7Am/src/test/resources/Features/Home.feature:11)
]]></failure>
    </testcase>
</testsuite>
